<?xml version="1.0" encoding="UTF-8"?>
<!-- Generated by org.testng.reporters.JUnitReportReporter -->
<testsuite hostname="GayatriPatil" failures="0" tests="2" name="com.api.test.ApiTest" time="4.624" errors="0" timestamp="2023-01-31T16:44:31 IST" skipped="0">
  <testcase classname="com.api.test.ApiTest" name="verifyCreateRepositoryRequest" time="3.948"/>
  <system-out/>
  <testcase classname="com.api.test.ApiTest" name="verifyDeleteRepositoryRequest" time="0.676"/>
  <system-out/>
</testsuite> <!-- com.api.test.ApiTest -->
