<?xml version="1.0" encoding="UTF-8"?>
<!-- Generated by org.testng.reporters.JUnitReportReporter -->
<testsuite hostname="GayatriPatil" failures="0" tests="3" name="com.application.scripts.OpenNewAccountTestScripsts" time="29.137" errors="0" timestamp="2023-02-12T11:25:53 IST" skipped="0">
  <testcase classname="com.application.scripts.OpenNewAccountTestScripsts" name="VerifyWhetherApplicationIsLaunchedSuccessfully" time="7.655"/>
  <system-out/>
  <testcase classname="com.application.scripts.OpenNewAccountTestScripsts" name="VerifyNewAccountPageHeader" time="10.007"/>
  <system-out/>
  <testcase classname="com.application.scripts.OpenNewAccountTestScripsts" name="verifyCreateNewAccount" time="11.475"/>
  <system-out/>
</testsuite> <!-- com.application.scripts.OpenNewAccountTestScripsts -->
