<?xml version="1.0" encoding="UTF-8"?>
<!-- Generated by org.testng.reporters.JUnitReportReporter -->
<testsuite hostname="GayatriPatil" failures="0" tests="3" name="com.application.scripts.TransferFundsTestScripsts" time="88.697" errors="0" timestamp="2023-02-11T23:57:25 IST" skipped="0">
  <testcase classname="com.application.scripts.TransferFundsTestScripsts" name="VerifyWhetherApplicationIsLaunchedSuccessfully" time="8.261"/>
  <system-out/>
  <testcase classname="com.application.scripts.TransferFundsTestScripsts" name="VerifyTransferFundsPage" time="27.633"/>
  <system-out/>
  <testcase classname="com.application.scripts.TransferFundsTestScripsts" name="VerifyTransferFundsProcessComplition" time="52.803"/>
  <system-out/>
</testsuite> <!-- com.application.scripts.TransferFundsTestScripsts -->
