<?xml version="1.0" encoding="UTF-8"?>
<!-- Generated by org.testng.reporters.JUnitReportReporter -->
<testsuite hostname="GayatriPatil" failures="0" tests="1" name="com.db.test.DataBaseTest" time="0.480" errors="0" timestamp="2023-01-31T22:00:28 IST" skipped="0">
  <testcase classname="com.db.test.DataBaseTest" name="getAllTheHorrorMoviesFromDvdRentalDataBase" time="0.480"/>
  <system-out/>
</testsuite> <!-- com.db.test.DataBaseTest -->
