<?xml version="1.0" encoding="UTF-8"?>
<!-- Generated by org.testng.reporters.JUnitReportReporter -->
<testsuite hostname="GayatriPatil" failures="0" tests="4" name="com.application.scripts.RegistrationPageTestScripts" time="79.329" errors="0" timestamp="2023-02-12T12:01:12 IST" skipped="0">
  <testcase classname="com.application.scripts.RegistrationPageTestScripts" name="VerifyWhetherApplicationIsLaunchedSuccessfully" time="33.137"/>
  <system-out/>
  <testcase classname="com.application.scripts.RegistrationPageTestScripts" name="VerifyRegistrationPageHeader" time="23.806"/>
  <system-out/>
  <testcase classname="com.application.scripts.RegistrationPageTestScripts" name="VerifyRegistrationPageFeature" time="10.817"/>
  <system-out/>
  <testcase classname="com.application.scripts.RegistrationPageTestScripts" name="VerifyRegistrationPageFeature" time="11.569"/>
  <system-out/>
</testsuite> <!-- com.application.scripts.RegistrationPageTestScripts -->
